2020-04-04 12:49:54 [http-nio-8080-exec-1] INFO  com.nechyporuk.museum.config.HibernateUtil - SessionFactory created
2020-04-04 12:49:54 [http-nio-8080-exec-1] TRACE org.hibernate.type.descriptor.sql.BasicBinder - binding parameter [1] as [VARCHAR] - [wood]
2020-04-04 12:49:54 [http-nio-8080-exec-1] INFO  com.nechyporuk.museum.dao.impl.MaterialDaoImpl - Material saved
2020-04-04 12:51:56 [http-nio-8080-exec-5] TRACE org.hibernate.type.descriptor.sql.BasicBinder - binding parameter [1] as [DATE] - [2020-04-04]
2020-04-04 12:51:56 [http-nio-8080-exec-5] TRACE org.hibernate.type.descriptor.sql.BasicBinder - binding parameter [2] as [DATE] - [2020-04-04]
2020-04-04 12:51:56 [http-nio-8080-exec-5] TRACE org.hibernate.type.descriptor.sql.BasicBinder - binding parameter [3] as [VARCHAR] - [ad]
2020-04-04 12:51:56 [http-nio-8080-exec-5] TRACE org.hibernate.type.descriptor.sql.BasicBinder - binding parameter [4] as [VARCHAR] - [test]
2020-04-04 12:51:56 [http-nio-8080-exec-5] INFO  com.nechyporuk.museum.dao.impl.AuthorDaoImpl - Author saved
2020-04-04 12:53:49 [http-nio-8080-exec-1] INFO  com.nechyporuk.museum.config.HibernateUtil - SessionFactory created
2020-04-04 12:55:16 [http-nio-8080-exec-1] INFO  com.nechyporuk.museum.config.HibernateUtil - SessionFactory created
2020-04-04 12:55:16 [http-nio-8080-exec-1] TRACE org.hibernate.type.descriptor.sql.BasicBinder - binding parameter [1] as [DATE] - [2020-04-04]
2020-04-04 12:55:16 [http-nio-8080-exec-1] TRACE org.hibernate.type.descriptor.sql.BasicBinder - binding parameter [2] as [DATE] - [2020-04-04]
2020-04-04 12:55:16 [http-nio-8080-exec-1] TRACE org.hibernate.type.descriptor.sql.BasicBinder - binding parameter [3] as [VARCHAR] - [f]
2020-04-04 12:55:16 [http-nio-8080-exec-1] TRACE org.hibernate.type.descriptor.sql.BasicBinder - binding parameter [4] as [VARCHAR] - [test]
2020-04-04 12:55:16 [http-nio-8080-exec-1] INFO  com.nechyporuk.museum.dao.impl.AuthorDaoImpl - Author saved
2020-04-04 12:55:24 [http-nio-8080-exec-2] ERROR com.nechyporuk.museum.dao.impl.AuthorDaoImpl - Failed to save author: javax.validation.ConstraintViolationException: Validation failed for classes [com.nechyporuk.museum.entity.Author] during persist time for groups [javax.validation.groups.Default, ]
List of constraint violations:[
	ConstraintViolationImpl{interpolatedMessage='не может быть пусто', propertyPath=firstName, rootBeanClass=class com.nechyporuk.museum.entity.Author, messageTemplate='{javax.validation.constraints.NotBlank.message}'}
]
2020-04-04 12:55:45 [http-nio-8080-exec-3] TRACE org.hibernate.type.descriptor.sql.BasicBinder - binding parameter [1] as [BIGINT] - [3]
2020-04-04 12:55:45 [http-nio-8080-exec-3] ERROR com.nechyporuk.museum.dao.impl.AuthorDaoImpl - Failed to get author by id: com.nechyporuk.museum.exception.NotFoundException: The author wasn't found by id: 3
2020-04-04 12:56:10 [http-nio-8080-exec-4] TRACE org.hibernate.type.descriptor.sql.BasicExtractor - extracted value ([id1_0_] : [BIGINT]) - [14]
2020-04-04 12:56:10 [http-nio-8080-exec-4] TRACE org.hibernate.type.descriptor.sql.BasicExtractor - extracted value ([born_dat2_0_] : [DATE]) - [2020-04-04]
2020-04-04 12:56:10 [http-nio-8080-exec-4] TRACE org.hibernate.type.descriptor.sql.BasicExtractor - extracted value ([death_da3_0_] : [DATE]) - [2020-04-04]
2020-04-04 12:56:10 [http-nio-8080-exec-4] TRACE org.hibernate.type.descriptor.sql.BasicExtractor - extracted value ([first_na4_0_] : [VARCHAR]) - [f]
2020-04-04 12:56:10 [http-nio-8080-exec-4] TRACE org.hibernate.type.descriptor.sql.BasicExtractor - extracted value ([last_nam5_0_] : [VARCHAR]) - [test]
2020-04-04 12:56:10 [http-nio-8080-exec-4] TRACE org.hibernate.type.descriptor.sql.BasicExtractor - extracted value ([id1_0_] : [BIGINT]) - [2]
2020-04-04 12:56:10 [http-nio-8080-exec-4] TRACE org.hibernate.type.descriptor.sql.BasicExtractor - extracted value ([born_dat2_0_] : [DATE]) - [2020-04-04]
2020-04-04 12:56:10 [http-nio-8080-exec-4] TRACE org.hibernate.type.descriptor.sql.BasicExtractor - extracted value ([death_da3_0_] : [DATE]) - [2020-04-04]
2020-04-04 12:56:10 [http-nio-8080-exec-4] TRACE org.hibernate.type.descriptor.sql.BasicExtractor - extracted value ([first_na4_0_] : [VARCHAR]) - [string]
2020-04-04 12:56:10 [http-nio-8080-exec-4] TRACE org.hibernate.type.descriptor.sql.BasicExtractor - extracted value ([last_nam5_0_] : [VARCHAR]) - [string]
2020-04-04 12:56:10 [http-nio-8080-exec-4] TRACE org.hibernate.type.descriptor.sql.BasicExtractor - extracted value ([id1_0_] : [BIGINT]) - [13]
2020-04-04 12:56:10 [http-nio-8080-exec-4] TRACE org.hibernate.type.descriptor.sql.BasicExtractor - extracted value ([born_dat2_0_] : [DATE]) - [2020-04-04]
2020-04-04 12:56:10 [http-nio-8080-exec-4] TRACE org.hibernate.type.descriptor.sql.BasicExtractor - extracted value ([death_da3_0_] : [DATE]) - [2020-04-04]
2020-04-04 12:56:10 [http-nio-8080-exec-4] TRACE org.hibernate.type.descriptor.sql.BasicExtractor - extracted value ([first_na4_0_] : [VARCHAR]) - [ad]
2020-04-04 12:56:10 [http-nio-8080-exec-4] TRACE org.hibernate.type.descriptor.sql.BasicExtractor - extracted value ([last_nam5_0_] : [VARCHAR]) - [test]
2020-04-04 12:56:10 [http-nio-8080-exec-4] TRACE org.hibernate.type.descriptor.sql.BasicExtractor - extracted value ([id1_0_] : [BIGINT]) - [4]
2020-04-04 12:56:10 [http-nio-8080-exec-4] TRACE org.hibernate.type.descriptor.sql.BasicExtractor - extracted value ([born_dat2_0_] : [DATE]) - [2020-04-04]
2020-04-04 12:56:10 [http-nio-8080-exec-4] TRACE org.hibernate.type.descriptor.sql.BasicExtractor - extracted value ([death_da3_0_] : [DATE]) - [2020-04-04]
2020-04-04 12:56:10 [http-nio-8080-exec-4] TRACE org.hibernate.type.descriptor.sql.BasicExtractor - extracted value ([first_na4_0_] : [VARCHAR]) - [string]
2020-04-04 12:56:10 [http-nio-8080-exec-4] TRACE org.hibernate.type.descriptor.sql.BasicExtractor - extracted value ([last_nam5_0_] : [VARCHAR]) - [string]
2020-04-04 12:56:10 [http-nio-8080-exec-4] TRACE org.hibernate.type.descriptor.sql.BasicExtractor - extracted value ([id1_0_] : [BIGINT]) - [5]
2020-04-04 12:56:10 [http-nio-8080-exec-4] TRACE org.hibernate.type.descriptor.sql.BasicExtractor - extracted value ([born_dat2_0_] : [DATE]) - [2020-04-04]
2020-04-04 12:56:10 [http-nio-8080-exec-4] TRACE org.hibernate.type.descriptor.sql.BasicExtractor - extracted value ([death_da3_0_] : [DATE]) - [2020-04-04]
2020-04-04 12:56:10 [http-nio-8080-exec-4] TRACE org.hibernate.type.descriptor.sql.BasicExtractor - extracted value ([first_na4_0_] : [VARCHAR]) - [string]
2020-04-04 12:56:10 [http-nio-8080-exec-4] TRACE org.hibernate.type.descriptor.sql.BasicExtractor - extracted value ([last_nam5_0_] : [VARCHAR]) - [string]
2020-04-04 12:56:10 [http-nio-8080-exec-4] TRACE org.hibernate.type.descriptor.sql.BasicExtractor - extracted value ([id1_0_] : [BIGINT]) - [6]
2020-04-04 12:56:10 [http-nio-8080-exec-4] TRACE org.hibernate.type.descriptor.sql.BasicExtractor - extracted value ([born_dat2_0_] : [DATE]) - [2020-04-04]
2020-04-04 12:56:10 [http-nio-8080-exec-4] TRACE org.hibernate.type.descriptor.sql.BasicExtractor - extracted value ([death_da3_0_] : [DATE]) - [2020-04-04]
2020-04-04 12:56:10 [http-nio-8080-exec-4] TRACE org.hibernate.type.descriptor.sql.BasicExtractor - extracted value ([first_na4_0_] : [VARCHAR]) - [string]
2020-04-04 12:56:10 [http-nio-8080-exec-4] TRACE org.hibernate.type.descriptor.sql.BasicExtractor - extracted value ([last_nam5_0_] : [VARCHAR]) - [string]
2020-04-04 12:56:10 [http-nio-8080-exec-4] TRACE org.hibernate.type.descriptor.sql.BasicExtractor - extracted value ([id1_0_] : [BIGINT]) - [7]
2020-04-04 12:56:10 [http-nio-8080-exec-4] TRACE org.hibernate.type.descriptor.sql.BasicExtractor - extracted value ([born_dat2_0_] : [DATE]) - [2020-04-04]
2020-04-04 12:56:10 [http-nio-8080-exec-4] TRACE org.hibernate.type.descriptor.sql.BasicExtractor - extracted value ([death_da3_0_] : [DATE]) - [2020-04-04]
2020-04-04 12:56:10 [http-nio-8080-exec-4] TRACE org.hibernate.type.descriptor.sql.BasicExtractor - extracted value ([first_na4_0_] : [VARCHAR]) - [string]
2020-04-04 12:56:10 [http-nio-8080-exec-4] TRACE org.hibernate.type.descriptor.sql.BasicExtractor - extracted value ([last_nam5_0_] : [VARCHAR]) - [string]
2020-04-04 12:56:10 [http-nio-8080-exec-4] TRACE org.hibernate.type.descriptor.sql.BasicExtractor - extracted value ([id1_0_] : [BIGINT]) - [8]
2020-04-04 12:56:10 [http-nio-8080-exec-4] TRACE org.hibernate.type.descriptor.sql.BasicExtractor - extracted value ([born_dat2_0_] : [DATE]) - [2020-04-04]
2020-04-04 12:56:10 [http-nio-8080-exec-4] TRACE org.hibernate.type.descriptor.sql.BasicExtractor - extracted value ([death_da3_0_] : [DATE]) - [2020-04-04]
2020-04-04 12:56:10 [http-nio-8080-exec-4] TRACE org.hibernate.type.descriptor.sql.BasicExtractor - extracted value ([first_na4_0_] : [VARCHAR]) - [s]
2020-04-04 12:56:10 [http-nio-8080-exec-4] TRACE org.hibernate.type.descriptor.sql.BasicExtractor - extracted value ([last_nam5_0_] : [VARCHAR]) - [string]
2020-04-04 12:56:10 [http-nio-8080-exec-4] TRACE org.hibernate.type.descriptor.sql.BasicExtractor - extracted value ([id1_0_] : [BIGINT]) - [9]
2020-04-04 12:56:10 [http-nio-8080-exec-4] TRACE org.hibernate.type.descriptor.sql.BasicExtractor - extracted value ([born_dat2_0_] : [DATE]) - [2020-04-04]
2020-04-04 12:56:10 [http-nio-8080-exec-4] TRACE org.hibernate.type.descriptor.sql.BasicExtractor - extracted value ([death_da3_0_] : [DATE]) - [2020-04-04]
2020-04-04 12:56:10 [http-nio-8080-exec-4] TRACE org.hibernate.type.descriptor.sql.BasicExtractor - extracted value ([first_na4_0_] : [VARCHAR]) - [ads]
2020-04-04 12:56:10 [http-nio-8080-exec-4] TRACE org.hibernate.type.descriptor.sql.BasicExtractor - extracted value ([last_nam5_0_] : [VARCHAR]) - [string]
2020-04-04 12:56:10 [http-nio-8080-exec-4] TRACE org.hibernate.type.descriptor.sql.BasicExtractor - extracted value ([id1_0_] : [BIGINT]) - [10]
2020-04-04 12:56:10 [http-nio-8080-exec-4] TRACE org.hibernate.type.descriptor.sql.BasicExtractor - extracted value ([born_dat2_0_] : [DATE]) - [2020-04-04]
2020-04-04 12:56:10 [http-nio-8080-exec-4] TRACE org.hibernate.type.descriptor.sql.BasicExtractor - extracted value ([death_da3_0_] : [DATE]) - [2020-04-04]
2020-04-04 12:56:10 [http-nio-8080-exec-4] TRACE org.hibernate.type.descriptor.sql.BasicExtractor - extracted value ([first_na4_0_] : [VARCHAR]) - [ads]
2020-04-04 12:56:10 [http-nio-8080-exec-4] TRACE org.hibernate.type.descriptor.sql.BasicExtractor - extracted value ([last_nam5_0_] : [VARCHAR]) - [string]
2020-04-04 12:56:10 [http-nio-8080-exec-4] TRACE org.hibernate.type.descriptor.sql.BasicExtractor - extracted value ([id1_0_] : [BIGINT]) - [11]
2020-04-04 12:56:10 [http-nio-8080-exec-4] TRACE org.hibernate.type.descriptor.sql.BasicExtractor - extracted value ([born_dat2_0_] : [DATE]) - [2020-04-04]
2020-04-04 12:56:10 [http-nio-8080-exec-4] TRACE org.hibernate.type.descriptor.sql.BasicExtractor - extracted value ([death_da3_0_] : [DATE]) - [2020-04-04]
2020-04-04 12:56:10 [http-nio-8080-exec-4] TRACE org.hibernate.type.descriptor.sql.BasicExtractor - extracted value ([first_na4_0_] : [VARCHAR]) - [test]
2020-04-04 12:56:10 [http-nio-8080-exec-4] TRACE org.hibernate.type.descriptor.sql.BasicExtractor - extracted value ([last_nam5_0_] : [VARCHAR]) - [test]
2020-04-04 12:56:10 [http-nio-8080-exec-4] TRACE org.hibernate.type.descriptor.sql.BasicExtractor - extracted value ([id1_0_] : [BIGINT]) - [12]
2020-04-04 12:56:10 [http-nio-8080-exec-4] TRACE org.hibernate.type.descriptor.sql.BasicExtractor - extracted value ([born_dat2_0_] : [DATE]) - [2020-04-04]
2020-04-04 12:56:10 [http-nio-8080-exec-4] TRACE org.hibernate.type.descriptor.sql.BasicExtractor - extracted value ([death_da3_0_] : [DATE]) - [2020-04-04]
2020-04-04 12:56:10 [http-nio-8080-exec-4] TRACE org.hibernate.type.descriptor.sql.BasicExtractor - extracted value ([first_na4_0_] : [VARCHAR]) - [ad]
2020-04-04 12:56:10 [http-nio-8080-exec-4] TRACE org.hibernate.type.descriptor.sql.BasicExtractor - extracted value ([last_nam5_0_] : [VARCHAR]) - [test]
2020-04-04 12:56:26 [http-nio-8080-exec-5] TRACE org.hibernate.type.descriptor.sql.BasicBinder - binding parameter [1] as [BIGINT] - [13]
2020-04-04 12:56:26 [http-nio-8080-exec-5] TRACE org.hibernate.type.descriptor.sql.BasicExtractor - extracted value ([born_dat2_0_0_] : [DATE]) - [2020-04-04]
2020-04-04 12:56:26 [http-nio-8080-exec-5] TRACE org.hibernate.type.descriptor.sql.BasicExtractor - extracted value ([death_da3_0_0_] : [DATE]) - [2020-04-04]
2020-04-04 12:56:26 [http-nio-8080-exec-5] TRACE org.hibernate.type.descriptor.sql.BasicExtractor - extracted value ([first_na4_0_0_] : [VARCHAR]) - [ad]
2020-04-04 12:56:26 [http-nio-8080-exec-5] TRACE org.hibernate.type.descriptor.sql.BasicExtractor - extracted value ([last_nam5_0_0_] : [VARCHAR]) - [test]
2020-04-04 12:56:26 [http-nio-8080-exec-5] TRACE org.hibernate.type.descriptor.sql.BasicBinder - binding parameter [1] as [DATE] - [2020-04-04]
2020-04-04 12:56:26 [http-nio-8080-exec-5] TRACE org.hibernate.type.descriptor.sql.BasicBinder - binding parameter [2] as [DATE] - [2020-04-04]
2020-04-04 12:56:26 [http-nio-8080-exec-5] TRACE org.hibernate.type.descriptor.sql.BasicBinder - binding parameter [3] as [VARCHAR] - [string]
2020-04-04 12:56:26 [http-nio-8080-exec-5] TRACE org.hibernate.type.descriptor.sql.BasicBinder - binding parameter [4] as [VARCHAR] - [string]
2020-04-04 12:56:26 [http-nio-8080-exec-5] TRACE org.hibernate.type.descriptor.sql.BasicBinder - binding parameter [5] as [BIGINT] - [13]
2020-04-04 12:56:26 [http-nio-8080-exec-5] INFO  com.nechyporuk.museum.dao.impl.AuthorDaoImpl - Author with id 13 successfully updated
2020-04-04 12:56:45 [http-nio-8080-exec-6] TRACE org.hibernate.type.descriptor.sql.BasicBinder - binding parameter [1] as [BIGINT] - [133]
2020-04-04 12:56:45 [http-nio-8080-exec-6] ERROR com.nechyporuk.museum.dao.impl.AuthorDaoImpl - Failed to update author: com.nechyporuk.museum.exception.NotUpdatedException: The author wasn't updated by id: 133
2020-04-04 12:57:06 [http-nio-8080-exec-7] TRACE org.hibernate.type.descriptor.sql.BasicBinder - binding parameter [1] as [BIGINT] - [2]
2020-04-04 12:57:06 [http-nio-8080-exec-7] TRACE org.hibernate.type.descriptor.sql.BasicExtractor - extracted value ([born_dat2_0_0_] : [DATE]) - [2020-04-04]
2020-04-04 12:57:06 [http-nio-8080-exec-7] TRACE org.hibernate.type.descriptor.sql.BasicExtractor - extracted value ([death_da3_0_0_] : [DATE]) - [2020-04-04]
2020-04-04 12:57:06 [http-nio-8080-exec-7] TRACE org.hibernate.type.descriptor.sql.BasicExtractor - extracted value ([first_na4_0_0_] : [VARCHAR]) - [string]
2020-04-04 12:57:06 [http-nio-8080-exec-7] TRACE org.hibernate.type.descriptor.sql.BasicExtractor - extracted value ([last_nam5_0_0_] : [VARCHAR]) - [string]
2020-04-04 12:57:06 [http-nio-8080-exec-7] ERROR com.nechyporuk.museum.dao.impl.AuthorDaoImpl - Failed to update author: javax.validation.ConstraintViolationException: Validation failed for classes [com.nechyporuk.museum.entity.Author] during update time for groups [javax.validation.groups.Default, ]
List of constraint violations:[
	ConstraintViolationImpl{interpolatedMessage='не может быть пусто', propertyPath=firstName, rootBeanClass=class com.nechyporuk.museum.entity.Author, messageTemplate='{javax.validation.constraints.NotBlank.message}'}
]
2020-04-04 13:04:10 [http-nio-8080-exec-1] INFO  com.nechyporuk.museum.config.HibernateUtil - SessionFactory created
2020-04-04 13:04:11 [http-nio-8080-exec-1] TRACE org.hibernate.type.descriptor.sql.BasicExtractor - extracted value ([id1_8_] : [BIGINT]) - [1]
2020-04-04 13:04:11 [http-nio-8080-exec-1] TRACE org.hibernate.type.descriptor.sql.BasicExtractor - extracted value ([name2_8_] : [VARCHAR]) - [stone]
2020-04-04 13:04:11 [http-nio-8080-exec-1] TRACE org.hibernate.type.descriptor.sql.BasicExtractor - extracted value ([id1_8_] : [BIGINT]) - [2]
2020-04-04 13:04:11 [http-nio-8080-exec-1] TRACE org.hibernate.type.descriptor.sql.BasicExtractor - extracted value ([name2_8_] : [VARCHAR]) - [string]
2020-04-04 13:04:11 [http-nio-8080-exec-1] TRACE org.hibernate.type.descriptor.sql.BasicExtractor - extracted value ([id1_8_] : [BIGINT]) - [3]
2020-04-04 13:04:11 [http-nio-8080-exec-1] TRACE org.hibernate.type.descriptor.sql.BasicExtractor - extracted value ([name2_8_] : [VARCHAR]) - [wood]
2020-04-04 13:04:34 [http-nio-8080-exec-2] TRACE org.hibernate.type.descriptor.sql.BasicBinder - binding parameter [1] as [BIGINT] - [13]
2020-04-04 13:04:34 [http-nio-8080-exec-2] ERROR com.nechyporuk.museum.dao.impl.MaterialDaoImpl - Failed to get material by id: com.nechyporuk.museum.exception.NotFoundException: The material wasn't found by id: 13
2020-04-04 13:04:56 [http-nio-8080-exec-3] ERROR com.nechyporuk.museum.dao.impl.MaterialDaoImpl - Failed to save material: javax.validation.ConstraintViolationException: Validation failed for classes [com.nechyporuk.museum.entity.Material] during persist time for groups [javax.validation.groups.Default, ]
List of constraint violations:[
	ConstraintViolationImpl{interpolatedMessage='не может быть пусто', propertyPath=name, rootBeanClass=class com.nechyporuk.museum.entity.Material, messageTemplate='{javax.validation.constraints.NotBlank.message}'}
]
2020-04-04 13:08:17 [http-nio-8080-exec-1] INFO  com.nechyporuk.museum.config.HibernateUtil - SessionFactory created
2020-04-04 13:08:17 [http-nio-8080-exec-1] TRACE org.hibernate.type.descriptor.sql.BasicBinder - binding parameter [1] as [BIGINT] - [3]
2020-04-04 13:08:17 [http-nio-8080-exec-1] ERROR com.nechyporuk.museum.dao.impl.AuthorDaoImpl - Failed to remove author: com.nechyporuk.museum.exception.NotDeletedException: The author wasn't removed by id: 3
2020-04-04 13:08:43 [http-nio-8080-exec-2] TRACE org.hibernate.type.descriptor.sql.BasicExtractor - extracted value ([id1_8_] : [BIGINT]) - [1]
2020-04-04 13:08:43 [http-nio-8080-exec-2] TRACE org.hibernate.type.descriptor.sql.BasicExtractor - extracted value ([name2_8_] : [VARCHAR]) - [stone]
2020-04-04 13:08:43 [http-nio-8080-exec-2] TRACE org.hibernate.type.descriptor.sql.BasicExtractor - extracted value ([id1_8_] : [BIGINT]) - [2]
2020-04-04 13:08:43 [http-nio-8080-exec-2] TRACE org.hibernate.type.descriptor.sql.BasicExtractor - extracted value ([name2_8_] : [VARCHAR]) - [string]
2020-04-04 13:08:43 [http-nio-8080-exec-2] TRACE org.hibernate.type.descriptor.sql.BasicExtractor - extracted value ([id1_8_] : [BIGINT]) - [3]
2020-04-04 13:08:43 [http-nio-8080-exec-2] TRACE org.hibernate.type.descriptor.sql.BasicExtractor - extracted value ([name2_8_] : [VARCHAR]) - [wood]
2020-04-04 13:08:53 [http-nio-8080-exec-3] TRACE org.hibernate.type.descriptor.sql.BasicBinder - binding parameter [1] as [BIGINT] - [2]
2020-04-04 13:08:53 [http-nio-8080-exec-3] TRACE org.hibernate.type.descriptor.sql.BasicExtractor - extracted value ([name2_8_0_] : [VARCHAR]) - [string]
2020-04-04 13:08:53 [http-nio-8080-exec-3] TRACE org.hibernate.type.descriptor.sql.BasicBinder - binding parameter [1] as [BIGINT] - [2]
2020-04-04 13:08:53 [http-nio-8080-exec-3] INFO  com.nechyporuk.museum.dao.impl.MaterialDaoImpl - Material with id 2 successfully removed